# JRE version: OpenJDK Runtime Environment Temurin-21.0.4+7 (21.0.4+7) (build 21.0.4+7-LTS)
# Java VM: OpenJDK 64-Bit Server VM Temurin-21.0.4+7 (21.0.4+7-LTS, mixed mode, emulated-client, tiered, compressed oops, compressed class ptrs, g1 gc, windows-amd64)
GC Precious Log:
 CardTable entry size: 512
 Card Set container configuration: InlinePtr #cards 4 size 8 Array Of Cards #cards 16 size 48 Howl #buckets 8 coarsen threshold 3686 Howl Bitmap #cards 512 size 80 coarsen threshold 460 Card regions per heap region 1 cards per card region 4096
 CPUs: 3 total, 3 available
 Memory: 12178M
 Large Page Support: Disabled
 NUMA Support: Disabled
 Compressed Oops: Enabled (Zero based)
 Heap Region Size: 2M
 Heap Min Capacity: 8M
 Heap Initial Capacity: 192M
 Heap Max Capacity: 3046M
 Pre-touch: Disabled
 Parallel Workers: 3
 Concurrent Workers: 1
 Concurrent Refinement Workers: 3
 Periodic GC: Disabled
Heap:
 garbage-first heap   total 90112K, used 77340K [0x0000000741a00000, 0x0000000800000000)
  region size 2048K, 29 young (59392K), 3 survivors (6144K)
 Metaspace       used 79111K, committed 79936K, reserved 1179648K
  class space    used 10467K, committed 10816K, reserved 1048576K
GC Heap History (20 events):
Event: 209.440 GC heap after
{Heap after GC invocations=32 (full 3):
 garbage-first heap   total 90112K, used 27751K [0x0000000741a00000, 0x0000000800000000)
  region size 2048K, 2 young (4096K), 2 survivors (4096K)
 Metaspace       used 77914K, committed 78848K, reserved 1179648K
  class space    used 10343K, committed 10752K, reserved 1048576K
}
Event: 257.692 GC heap before
{Heap before GC invocations=32 (full 3):
 garbage-first heap   total 90112K, used 40039K [0x0000000741a00000, 0x0000000800000000)
  region size 2048K, 9 young (18432K), 2 survivors (4096K)
 Metaspace       used 77938K, committed 78912K, reserved 1179648K
  class space    used 10345K, committed 10752K, reserved 1048576K
}
Event: 257.743 GC heap after
{Heap after GC invocations=33 (full 4):
 garbage-first heap   total 90112K, used 23884K [0x0000000741a00000, 0x0000000800000000)
  region size 2048K, 0 young (0K), 0 survivors (0K)
 Metaspace       used 77929K, committed 78912K, reserved 1179648K
  class space    used 10343K, committed 10752K, reserved 1048576K
}
Event: 258.609 GC heap before
{Heap before GC invocations=33 (full 4):
 garbage-first heap   total 90112K, used 75084K [0x0000000741a00000, 0x0000000800000000)
  region size 2048K, 26 young (53248K), 0 survivors (0K)
 Metaspace       used 78155K, committed 79040K, reserved 1179648K
  class space    used 10367K, committed 10752K, reserved 1048576K
}
Event: 258.614 GC heap after
{Heap after GC invocations=34 (full 4):
 garbage-first heap   total 90112K, used 27972K [0x0000000741a00000, 0x0000000800000000)
  region size 2048K, 2 young (4096K), 2 survivors (4096K)
 Metaspace       used 78155K, committed 79040K, reserved 1179648K
  class space    used 10367K, committed 10752K, reserved 1048576K
}
Event: 808.069 GC heap before
{Heap before GC invocations=34 (full 4):
 garbage-first heap   total 90112K, used 52548K [0x0000000741a00000, 0x0000000800000000)
  region size 2048K, 15 young (30720K), 2 survivors (4096K)
 Metaspace       used 78193K, committed 79040K, reserved 1179648K
  class space    used 10371K, committed 10752K, reserved 1048576K
}
Event: 808.123 GC heap after
{Heap after GC invocations=35 (full 5):
 garbage-first heap   total 90112K, used 24094K [0x0000000741a00000, 0x0000000800000000)
  region size 2048K, 0 young (0K), 0 survivors (0K)
 Metaspace       used 78182K, committed 79040K, reserved 1179648K
  class space    used 10369K, committed 10752K, reserved 1048576K
}
Event: 809.081 GC heap before
{Heap before GC invocations=35 (full 5):
 garbage-first heap   total 90112K, used 77342K [0x0000000741a00000, 0x0000000800000000)
  region size 2048K, 26 young (53248K), 0 survivors (0K)
 Metaspace       used 78395K, committed 79168K, reserved 1179648K
  class space    used 10389K, committed 10752K, reserved 1048576K
}
Event: 809.086 GC heap after
{Heap after GC invocations=36 (full 5):
 garbage-first heap   total 90112K, used 28162K [0x0000000741a00000, 0x0000000800000000)
  region size 2048K, 2 young (4096K), 2 survivors (4096K)
 Metaspace       used 78395K, committed 79168K, reserved 1179648K
  class space    used 10389K, committed 10752K, reserved 1048576K
}
Event: 1374.094 GC heap before
{Heap before GC invocations=36 (full 5):
 garbage-first heap   total 90112K, used 52738K [0x0000000741a00000, 0x0000000800000000)
  region size 2048K, 15 young (30720K), 2 survivors (4096K)
 Metaspace       used 78404K, committed 79168K, reserved 1179648K
  class space    used 10390K, committed 10752K, reserved 1048576K
}
Event: 1374.150 GC heap after
{Heap after GC invocations=37 (full 6):
 garbage-first heap   total 90112K, used 23899K [0x0000000741a00000, 0x0000000800000000)
  region size 2048K, 0 young (0K), 0 survivors (0K)
 Metaspace       used 78389K, committed 79168K, reserved 1179648K
  class space    used 10387K, committed 10752K, reserved 1048576K
}
Event: 1375.005 GC heap before
{Heap before GC invocations=37 (full 6):
 garbage-first heap   total 90112K, used 75099K [0x0000000741a00000, 0x0000000800000000)
  region size 2048K, 26 young (53248K), 0 survivors (0K)
 Metaspace       used 78670K, committed 79488K, reserved 1179648K
  class space    used 10424K, committed 10816K, reserved 1048576K
}
Event: 1375.009 GC heap after
{Heap after GC invocations=38 (full 6):
 garbage-first heap   total 90112K, used 27965K [0x0000000741a00000, 0x0000000800000000)
  region size 2048K, 2 young (4096K), 2 survivors (4096K)
 Metaspace       used 78670K, committed 79488K, reserved 1179648K
  class space    used 10424K, committed 10816K, reserved 1048576K
}
Event: 1493.692 GC heap before
{Heap before GC invocations=38 (full 6):
 garbage-first heap   total 90112K, used 42301K [0x0000000741a00000, 0x0000000800000000)
  region size 2048K, 10 young (20480K), 2 survivors (4096K)
 Metaspace       used 78691K, committed 79488K, reserved 1179648K
  class space    used 10428K, committed 10816K, reserved 1048576K
}
Event: 1493.746 GC heap after
{Heap after GC invocations=39 (full 7):
 garbage-first heap   total 90112K, used 23885K [0x0000000741a00000, 0x0000000800000000)
  region size 2048K, 0 young (0K), 0 survivors (0K)
 Metaspace       used 78678K, committed 79488K, reserved 1179648K
  class space    used 10426K, committed 10816K, reserved 1048576K
}
Event: 1494.635 GC heap before
{Heap before GC invocations=39 (full 7):
 garbage-first heap   total 90112K, used 75085K [0x0000000741a00000, 0x0000000800000000)
  region size 2048K, 26 young (53248K), 0 survivors (0K)
 Metaspace       used 78881K, committed 79680K, reserved 1179648K
  class space    used 10444K, committed 10816K, reserved 1048576K
}
Event: 1494.641 GC heap after
{Heap after GC invocations=40 (full 7):
 garbage-first heap   total 90112K, used 27971K [0x0000000741a00000, 0x0000000800000000)
  region size 2048K, 2 young (4096K), 2 survivors (4096K)
 Metaspace       used 78881K, committed 79680K, reserved 1179648K
  class space    used 10444K, committed 10816K, reserved 1048576K
}
Event: 1552.131 GC heap before
{Heap before GC invocations=40 (full 7):
 garbage-first heap   total 90112K, used 42307K [0x0000000741a00000, 0x0000000800000000)
  region size 2048K, 10 young (20480K), 2 survivors (4096K)
 Metaspace       used 78895K, committed 79680K, reserved 1179648K
  class space    used 10447K, committed 10816K, reserved 1048576K
}
Event: 1552.184 GC heap after
{Heap after GC invocations=41 (full 8):
 garbage-first heap   total 90112K, used 24093K [0x0000000741a00000, 0x0000000800000000)
  region size 2048K, 0 young (0K), 0 survivors (0K)
 Metaspace       used 78882K, committed 79680K, reserved 1179648K
  class space    used 10445K, committed 10816K, reserved 1048576K
}
Event: 2409.534 GC heap before
{Heap before GC invocations=41 (full 8):
 garbage-first heap   total 90112K, used 75293K [0x0000000741a00000, 0x0000000800000000)
  region size 2048K, 26 young (53248K), 0 survivors (0K)
 Metaspace       used 79111K, committed 79936K, reserved 1179648K
  class space    used 10467K, committed 10816K, reserved 1048576K
}

